1643288394427	geckodriver	INFO	Listening on 127.0.0.1:34167
1643288394432	mozrunner::runner	INFO	Running command: "/usr/bin/firefox" "--marionette" "-foreground" "-no-remote" "-profile" "/tmp/rust_mozprofilevx7hDV"
1643288399391	Marionette	INFO	Marionette enabled
ExceptionHandler::GenerateDump cloned child 13960
ExceptionHandler::SendContinueSignalToChild sent continue signal to child
ExceptionHandler::WaitForContinueSignal waiting for continue signal...
1643374590429	geckodriver	INFO	Listening on 127.0.0.1:52133
1643374591409	mozrunner::runner	INFO	Running command: "/usr/bin/firefox" "--marionette" "-foreground" "-no-remote" "-profile" "/tmp/rust_mozprofileTBoVHv"
1643374596586	Marionette	INFO	Marionette enabled
ExceptionHandler::GenerateDump cloned child 7095
ExceptionHandler::WaitForContinueSignal waiting for continue signal...
ExceptionHandler::SendContinueSignalToChild sent continue signal to child
1643374765101	geckodriver	INFO	Listening on 127.0.0.1:33679
1643374765105	mozrunner::runner	INFO	Running command: "/usr/bin/firefox" "--marionette" "-foreground" "-no-remote" "-profile" "/tmp/rust_mozprofileU2sPJ2"
1643374768000	Marionette	INFO	Marionette enabled
ExceptionHandler::GenerateDump cloned child 8008
ExceptionHandler::WaitForContinueSignal waiting for continue signal...
ExceptionHandler::SendContinueSignalToChild sent continue signal to child
1643375003656	geckodriver	INFO	Listening on 127.0.0.1:36313
1643375003663	mozrunner::runner	INFO	Running command: "/usr/bin/firefox" "--marionette" "-foreground" "-no-remote" "-profile" "/tmp/rust_mozprofilewXm3O3"
1643375006368	Marionette	INFO	Marionette enabled
ExceptionHandler::GenerateDump cloned child 9181
ExceptionHandler::SendContinueSignalToChild sent continue signal to child
ExceptionHandler::WaitForContinueSignal waiting for continue signal...
